#  =============================== 
# [0] [GEN] PWRITE: 1, PADDR: 55, PWDATA: 1002597769, PRDATA: 0, PSLVERR: 0
# [0] [DRV] PWRITE: 1, PADDR: 55, PWDATA: 1002597769, PRDATA: 0, PSLVERR: 0
# [35000] [MON] WRITE Operation at ADDR: 55 with DATA: 1002597769
# [35000] [EXP] PWRITE: 1, PADDR: 55, PWDATA: 1002597769, PRDATA: 0, PSLVERR: 0
# [35000] [ACT] PWRITE: 1, PADDR: 55, PWDATA: 1002597769, PRDATA: 0, PSLVERR: 0
# [35000] [SCO] WRITE Operation Success at ADDR: 55 with DATA: 1002597769
#  =============================== 
#  =============================== 
# [35000] [GEN] PWRITE: 0, PADDR: 253, PWDATA: 3450511729, PRDATA: 0, PSLVERR: 0
# [35000] [DRV] PWRITE: 0, PADDR: 253, PWDATA: 3450511729, PRDATA: 0, PSLVERR: 0
# [75000] [MON] READ Operation at ADDR: 253 with DATA: 0
# [75000] [EXP] PWRITE: 0, PADDR: 253, PWDATA: 3450511729, PRDATA: 0, PSLVERR: 0
# [75000] [ACT] PWRITE: 0, PADDR: 253, PWDATA: 3450511729, PRDATA: 0, PSLVERR: 0
# [75000] [SCO] READ Data Match at ADDR: 253, Data: 0
#  =============================== 
#  =============================== 
# [75000] [GEN] PWRITE: 1, PADDR: 133, PWDATA: 1160039274, PRDATA: 0, PSLVERR: 0
# [75000] [DRV] PWRITE: 1, PADDR: 133, PWDATA: 1160039274, PRDATA: 0, PSLVERR: 0
# [115000] [MON] WRITE Operation at ADDR: 133 with DATA: 1160039274
# [115000] [EXP] PWRITE: 1, PADDR: 133, PWDATA: 1160039274, PRDATA: 0, PSLVERR: 0
# [115000] [ACT] PWRITE: 1, PADDR: 133, PWDATA: 1160039274, PRDATA: 0, PSLVERR: 0
# [115000] [SCO] WRITE Operation Success at ADDR: 133 with DATA: 1160039274
#  =============================== 
#  =============================== 
# [115000] [GEN] PWRITE: 0, PADDR: 249, PWDATA: 823144427, PRDATA: 0, PSLVERR: 0
# [115000] [DRV] PWRITE: 0, PADDR: 249, PWDATA: 823144427, PRDATA: 0, PSLVERR: 0
# [155000] [MON] READ Operation at ADDR: 249 with DATA: 0
# [155000] [EXP] PWRITE: 0, PADDR: 249, PWDATA: 823144427, PRDATA: 0, PSLVERR: 0
# [155000] [ACT] PWRITE: 0, PADDR: 249, PWDATA: 823144427, PRDATA: 0, PSLVERR: 0
# [155000] [SCO] READ Data Match at ADDR: 249, Data: 0
#  =============================== 
#  =============================== 
# [155000] [GEN] PWRITE: 1, PADDR: 60, PWDATA: 2753656429, PRDATA: 0, PSLVERR: 0
# [155000] [DRV] PWRITE: 1, PADDR: 60, PWDATA: 2753656429, PRDATA: 0, PSLVERR: 0
# [195000] [MON] WRITE Operation at ADDR: 60 with DATA: 2753656429
# [195000] [EXP] PWRITE: 1, PADDR: 60, PWDATA: 2753656429, PRDATA: 0, PSLVERR: 0
# [195000] [ACT] PWRITE: 1, PADDR: 60, PWDATA: 2753656429, PRDATA: 0, PSLVERR: 0
# [195000] [SCO] WRITE Operation Success at ADDR: 60 with DATA: 2753656429
#  =============================== 
#  =============================== 
# [195000] [GEN] PWRITE: 0, PADDR: 197, PWDATA: 2478464102, PRDATA: 0, PSLVERR: 0
# [195000] [DRV] PWRITE: 0, PADDR: 197, PWDATA: 2478464102, PRDATA: 0, PSLVERR: 0
# [235000] [MON] READ Operation at ADDR: 197 with DATA: 0
# [235000] [EXP] PWRITE: 0, PADDR: 197, PWDATA: 2478464102, PRDATA: 0, PSLVERR: 0
# [235000] [ACT] PWRITE: 0, PADDR: 197, PWDATA: 2478464102, PRDATA: 0, PSLVERR: 0
# [235000] [SCO] READ Data Match at ADDR: 197, Data: 0
#  =============================== 
#  =============================== 
# [235000] [GEN] PWRITE: 0, PADDR: 133, PWDATA: 2098022740, PRDATA: 0, PSLVERR: 0
# [235000] [DRV] PWRITE: 0, PADDR: 133, PWDATA: 2098022740, PRDATA: 0, PSLVERR: 0
# [275000] [MON] READ Operation at ADDR: 133 with DATA: 1160039274
# [275000] [EXP] PWRITE: 0, PADDR: 133, PWDATA: 2098022740, PRDATA: 0, PSLVERR: 0
# [275000] [ACT] PWRITE: 0, PADDR: 133, PWDATA: 2098022740, PRDATA: 1160039274, PSLVERR: 0
# [275000] [SCO] READ Data Match at ADDR: 133, Data: 1160039274
#  =============================== 
#  =============================== 
# [275000] [GEN] PWRITE: 1, PADDR: 151, PWDATA: 2495021011, PRDATA: 0, PSLVERR: 0
# [275000] [DRV] PWRITE: 1, PADDR: 151, PWDATA: 2495021011, PRDATA: 0, PSLVERR: 0
# [315000] [MON] WRITE Operation at ADDR: 151 with DATA: 2495021011
# [315000] [EXP] PWRITE: 1, PADDR: 151, PWDATA: 2495021011, PRDATA: 0, PSLVERR: 0
# [315000] [ACT] PWRITE: 1, PADDR: 151, PWDATA: 2495021011, PRDATA: 1160039274, PSLVERR: 0
# [315000] [SCO] WRITE Operation Success at ADDR: 151 with DATA: 2495021011
#  =============================== 
#  =============================== 
# [315000] [GEN] PWRITE: 1, PADDR: 59, PWDATA: 874558506, PRDATA: 0, PSLVERR: 0
# [315000] [DRV] PWRITE: 1, PADDR: 59, PWDATA: 874558506, PRDATA: 0, PSLVERR: 0
# [355000] [MON] WRITE Operation at ADDR: 59 with DATA: 874558506
# [355000] [EXP] PWRITE: 1, PADDR: 59, PWDATA: 874558506, PRDATA: 0, PSLVERR: 0
# [355000] [ACT] PWRITE: 1, PADDR: 59, PWDATA: 874558506, PRDATA: 1160039274, PSLVERR: 0
# [355000] [SCO] WRITE Operation Success at ADDR: 59 with DATA: 874558506
#  =============================== 
#  =============================== 
# [355000] [GEN] PWRITE: 0, PADDR: 3, PWDATA: 4258419903, PRDATA: 0, PSLVERR: 0
# [355000] [DRV] PWRITE: 0, PADDR: 3, PWDATA: 4258419903, PRDATA: 0, PSLVERR: 0
# [395000] [MON] READ Operation at ADDR: 3 with DATA: 0
# [395000] [EXP] PWRITE: 0, PADDR: 3, PWDATA: 4258419903, PRDATA: 0, PSLVERR: 0
# [395000] [ACT] PWRITE: 0, PADDR: 3, PWDATA: 4258419903, PRDATA: 0, PSLVERR: 0
# [395000] [SCO] READ Data Match at ADDR: 3, Data: 0
#  =============================== 
#  =============================== 
# [395000] [GEN] PWRITE: 0, PADDR: 41, PWDATA: 1891357272, PRDATA: 0, PSLVERR: 0
# [395000] [DRV] PWRITE: 0, PADDR: 41, PWDATA: 1891357272, PRDATA: 0, PSLVERR: 0
# [435000] [MON] READ Operation at ADDR: 41 with DATA: 0
# [435000] [EXP] PWRITE: 0, PADDR: 41, PWDATA: 1891357272, PRDATA: 0, PSLVERR: 0
# [435000] [ACT] PWRITE: 0, PADDR: 41, PWDATA: 1891357272, PRDATA: 0, PSLVERR: 0
# [435000] [SCO] READ Data Match at ADDR: 41, Data: 0
#  =============================== 
#  =============================== 
# [435000] [GEN] PWRITE: 1, PADDR: 225, PWDATA: 4237919775, PRDATA: 0, PSLVERR: 0
# [435000] [DRV] PWRITE: 1, PADDR: 225, PWDATA: 4237919775, PRDATA: 0, PSLVERR: 0
# [475000] [MON] WRITE Operation at ADDR: 225 with DATA: 4237919775
# [475000] [EXP] PWRITE: 1, PADDR: 225, PWDATA: 4237919775, PRDATA: 0, PSLVERR: 0
# [475000] [ACT] PWRITE: 1, PADDR: 225, PWDATA: 4237919775, PRDATA: 0, PSLVERR: 0
# [475000] [SCO] WRITE Operation Success at ADDR: 225 with DATA: 4237919775
#  =============================== 
#  =============================== 
# [475000] [GEN] PWRITE: 1, PADDR: 144, PWDATA: 2216642671, PRDATA: 0, PSLVERR: 0
# [475000] [DRV] PWRITE: 1, PADDR: 144, PWDATA: 2216642671, PRDATA: 0, PSLVERR: 0
# [515000] [MON] WRITE Operation at ADDR: 144 with DATA: 2216642671
# [515000] [EXP] PWRITE: 1, PADDR: 144, PWDATA: 2216642671, PRDATA: 0, PSLVERR: 0
# [515000] [ACT] PWRITE: 1, PADDR: 144, PWDATA: 2216642671, PRDATA: 0, PSLVERR: 0
# [515000] [SCO] WRITE Operation Success at ADDR: 144 with DATA: 2216642671
#  =============================== 
#  =============================== 
# [515000] [GEN] PWRITE: 0, PADDR: 50, PWDATA: 2327790203, PRDATA: 0, PSLVERR: 0
# [515000] [DRV] PWRITE: 0, PADDR: 50, PWDATA: 2327790203, PRDATA: 0, PSLVERR: 0
# [555000] [MON] READ Operation at ADDR: 50 with DATA: 0
# [555000] [EXP] PWRITE: 0, PADDR: 50, PWDATA: 2327790203, PRDATA: 0, PSLVERR: 0
# [555000] [ACT] PWRITE: 0, PADDR: 50, PWDATA: 2327790203, PRDATA: 0, PSLVERR: 0
# [555000] [SCO] READ Data Match at ADDR: 50, Data: 0
#  =============================== 
#  =============================== 
# [555000] [GEN] PWRITE: 1, PADDR: 148, PWDATA: 1287363355, PRDATA: 0, PSLVERR: 0
# [555000] [DRV] PWRITE: 1, PADDR: 148, PWDATA: 1287363355, PRDATA: 0, PSLVERR: 0
# [595000] [MON] WRITE Operation at ADDR: 148 with DATA: 1287363355
# [595000] [EXP] PWRITE: 1, PADDR: 148, PWDATA: 1287363355, PRDATA: 0, PSLVERR: 0
# [595000] [ACT] PWRITE: 1, PADDR: 148, PWDATA: 1287363355, PRDATA: 0, PSLVERR: 0
# [595000] [SCO] WRITE Operation Success at ADDR: 148 with DATA: 1287363355
#  =============================== 
#  =============================== 
# [595000] [GEN] PWRITE: 0, PADDR: 14, PWDATA: 3488431068, PRDATA: 0, PSLVERR: 0
# [595000] [DRV] PWRITE: 0, PADDR: 14, PWDATA: 3488431068, PRDATA: 0, PSLVERR: 0
# [635000] [MON] READ Operation at ADDR: 14 with DATA: 0
# [635000] [EXP] PWRITE: 0, PADDR: 14, PWDATA: 3488431068, PRDATA: 0, PSLVERR: 0
# [635000] [ACT] PWRITE: 0, PADDR: 14, PWDATA: 3488431068, PRDATA: 0, PSLVERR: 0
# [635000] [SCO] READ Data Match at ADDR: 14, Data: 0
#  =============================== 
#  =============================== 
# [635000] [GEN] PWRITE: 1, PADDR: 87, PWDATA: 383712717, PRDATA: 0, PSLVERR: 0
# [635000] [DRV] PWRITE: 1, PADDR: 87, PWDATA: 383712717, PRDATA: 0, PSLVERR: 0
# [675000] [MON] WRITE Operation at ADDR: 87 with DATA: 383712717
# [675000] [EXP] PWRITE: 1, PADDR: 87, PWDATA: 383712717, PRDATA: 0, PSLVERR: 0
# [675000] [ACT] PWRITE: 1, PADDR: 87, PWDATA: 383712717, PRDATA: 0, PSLVERR: 0
# [675000] [SCO] WRITE Operation Success at ADDR: 87 with DATA: 383712717
#  =============================== 
#  =============================== 
# [675000] [GEN] PWRITE: 0, PADDR: 6, PWDATA: 1747349659, PRDATA: 0, PSLVERR: 0
# [675000] [DRV] PWRITE: 0, PADDR: 6, PWDATA: 1747349659, PRDATA: 0, PSLVERR: 0
# [715000] [MON] READ Operation at ADDR: 6 with DATA: 0
# [715000] [EXP] PWRITE: 0, PADDR: 6, PWDATA: 1747349659, PRDATA: 0, PSLVERR: 0
# [715000] [ACT] PWRITE: 0, PADDR: 6, PWDATA: 1747349659, PRDATA: 0, PSLVERR: 0
# [715000] [SCO] READ Data Match at ADDR: 6, Data: 0
#  =============================== 
#  =============================== 
# [715000] [GEN] PWRITE: 0, PADDR: 188, PWDATA: 1813794593, PRDATA: 0, PSLVERR: 0
# [715000] [DRV] PWRITE: 0, PADDR: 188, PWDATA: 1813794593, PRDATA: 0, PSLVERR: 0
# [755000] [MON] READ Operation at ADDR: 188 with DATA: 0
# [755000] [EXP] PWRITE: 0, PADDR: 188, PWDATA: 1813794593, PRDATA: 0, PSLVERR: 0
# [755000] [ACT] PWRITE: 0, PADDR: 188, PWDATA: 1813794593, PRDATA: 0, PSLVERR: 0
# [755000] [SCO] READ Data Match at ADDR: 188, Data: 0
#  =============================== 
#  =============================== 
# [755000] [GEN] PWRITE: 1, PADDR: 191, PWDATA: 4234444819, PRDATA: 0, PSLVERR: 0
# [755000] [DRV] PWRITE: 1, PADDR: 191, PWDATA: 4234444819, PRDATA: 0, PSLVERR: 0
# [795000] [MON] WRITE Operation at ADDR: 191 with DATA: 4234444819
# [795000] [EXP] PWRITE: 1, PADDR: 191, PWDATA: 4234444819, PRDATA: 0, PSLVERR: 0
# [795000] [ACT] PWRITE: 1, PADDR: 191, PWDATA: 4234444819, PRDATA: 0, PSLVERR: 0
# [795000] [SCO] WRITE Operation Success at ADDR: 191 with DATA: 4234444819
#  =============================== 
# [795000] [ENV] Test Completed
# ** Note: $finish    : D:/ghost/Digital/Verification/Udemy - Verification Series Part 2 Hands-On SystemVerilog Projects 2025-1/MINE/ABP RAM/ABP_RAM_TB.sv(252)
#    Time: 795 ns  Iteration: 7  Instance: /ABP_RAM_TB